<?xml version="1.0" encoding="UTF-8"?>
<!-- Generated by org.testng.reporters.JUnitReportReporter -->
<testsuite hostname="DESKTOP-E3N5S00" failures="0" tests="3" name="RestTesting.Trello" time="6.999" errors="0" timestamp="2022-03-16T12:57:45 IST" skipped="0">
  <testcase classname="RestTesting.Trello" name="createBoard" time="5.325"/>
  <system-out/>
  <testcase classname="RestTesting.Trello" name="getBoard" time="0.663"/>
  <system-out/>
  <testcase classname="RestTesting.Trello" name="DeleteBoard" time="1.011"/>
  <system-out/>
</testsuite> <!-- RestTesting.Trello -->
